2019-05-20 at 00:39:54 CST INFO  com.betel.database.RedisClient 39 connectDB - Redis Database connection success! connection info:127.0.0.1:6379
2019-05-20 at 00:39:54 CST INFO  com.betel.servers.node.NodeServer 69 run - LobbyServer :8092 startup successful!
2019-05-20 at 00:39:54 CST INFO  com.betel.servers.node.NodeServer$2 93 run - Node Server Client is connecting center server:BalanceServer
2019-05-20 at 00:39:54 CST INFO  com.betel.servers.forward.ServerClient 41 run - Server Client boot start...
2019-05-20 at 00:39:54 CST INFO  com.betel.handler.ByteBufHandler 34 handlerAdded - Client ip:null is added
2019-05-20 at 00:39:54 CST INFO  com.betel.servers.forward.ServerClient 59 run - Client connect BalanceServer successful!!!
2019-05-20 at 00:39:54 CST INFO  com.betel.handler.ByteBufHandler 61 channelActive - Client ip:/118.31.3.216:8090 is online
2019-05-20 at 00:44:29 CST INFO  com.betel.common.Monitor 122 recvByteBuf - [recv] msgLen:357 json:{"server":"LobbyServer","client":"Unity","action":"player@player_login","from_server":"JsonGateServer","aid":"312419868425064448","channelId":"00163efffe0e8f62-0000493d-00000067-21f1f4795fa089b9-e8e89f1e","token":"eyJzZWNyZXRLZXkiOiJlbWhsYm1kdVlXNTBZVzVuYUhWcGFuVmhibnBvWlc1bmVXaz09IiwidHRsTWlsbGlzIjoxODAwMDAwMCwiaWQiOiIzMTI0MTk4Njg0MjUwNjQ0NDgifQA="}
2019-05-20 at 00:44:29 CST INFO  com.betel.servers.node.NodeServerMonitor 39 RespondJson - Recv action: player@player_login
2019-05-21 at 22:46:35 CST INFO  com.betel.database.RedisClient 39 connectDB - Redis Database connection success! connection info:127.0.0.1:6379
2019-05-21 at 22:46:35 CST INFO  com.betel.servers.node.NodeServer 69 run - LobbyServer :8092 startup successful!
2019-05-21 at 22:46:35 CST INFO  com.betel.servers.node.NodeServer$2 93 run - Node Server Client is connecting center server:BalanceServer
2019-05-21 at 22:46:35 CST INFO  com.betel.servers.forward.ServerClient 41 run - Server Client boot start...
2019-05-21 at 22:46:35 CST INFO  com.betel.handler.ByteBufHandler 34 handlerAdded - Client ip:null is added
2019-05-21 at 22:46:35 CST INFO  com.betel.servers.forward.ServerClient 59 run - Client connect BalanceServer successful!!!
2019-05-21 at 22:46:35 CST INFO  com.betel.handler.ByteBufHandler 61 channelActive - Client ip:/118.31.3.216:8090 is online
2019-05-21 at 22:47:09 CST INFO  com.betel.common.Monitor 122 recvByteBuf - [recv] msgLen:357 json:{"server":"LobbyServer","client":"Unity","action":"player@player_login","from_server":"JsonGateServer","aid":"312419868425064448","channelId":"00163efffe0e8f62-0000493d-0000006d-22afc9a1f7532f0e-797e9bc7","token":"eyJzZWNyZXRLZXkiOiJlbWhsYm1kdVlXNTBZVzVuYUhWcGFuVmhibnBvWlc1bmVXaz09IiwidHRsTWlsbGlzIjoxODAwMDAwMCwiaWQiOiIzMTI0MTk4Njg0MjUwNjQ0NDgifQA="}
2019-05-21 at 22:47:09 CST INFO  com.betel.servers.node.NodeServerMonitor 39 RespondJson - Recv action: player@player_login
2019-05-21 at 23:06:40 CST INFO  com.betel.database.RedisClient 39 connectDB - Redis Database connection success! connection info:127.0.0.1:6379
2019-05-21 at 23:06:40 CST INFO  com.betel.servers.node.NodeServer 69 run - LobbyServer :8092 startup successful!
2019-05-21 at 23:06:40 CST INFO  com.betel.servers.node.NodeServer$2 93 run - Node Server Client is connecting center server:BalanceServer
2019-05-21 at 23:06:40 CST INFO  com.betel.servers.forward.ServerClient 41 run - Server Client boot start...
2019-05-21 at 23:06:40 CST INFO  com.betel.handler.ByteBufHandler 34 handlerAdded - Client ip:null is added
2019-05-21 at 23:06:40 CST INFO  com.betel.handler.ByteBufHandler 61 channelActive - Client ip:/118.31.3.216:8090 is online
2019-05-21 at 23:06:40 CST INFO  com.betel.servers.forward.ServerClient 59 run - Client connect BalanceServer successful!!!
2019-05-21 at 23:06:58 CST INFO  com.betel.common.Monitor 122 recvByteBuf - [recv] msgLen:357 json:{"server":"LobbyServer","client":"Unity","action":"player@player_login","from_server":"JsonGateServer","aid":"312419868425064448","channelId":"00163efffe0e8f62-0000493d-00000071-948c849349a10af9-12e8867b","token":"eyJzZWNyZXRLZXkiOiJlbWhsYm1kdVlXNTBZVzVuYUhWcGFuVmhibnBvWlc1bmVXaz09IiwidHRsTWlsbGlzIjoxODAwMDAwMCwiaWQiOiIzMTI0MTk4Njg0MjUwNjQ0NDgifQA="}
2019-05-21 at 23:06:58 CST INFO  com.betel.servers.node.NodeServerMonitor 39 RespondJson - Recv action: player@player_login
2019-05-21 at 23:08:43 CST INFO  com.betel.common.Monitor 122 recvByteBuf - [recv] msgLen:357 json:{"server":"LobbyServer","client":"Unity","action":"player@player_login","from_server":"JsonGateServer","aid":"312419868425064448","channelId":"00163efffe0e8f62-0000493d-00000072-bc698ae29dbf6d1c-56be466a","token":"eyJzZWNyZXRLZXkiOiJlbWhsYm1kdVlXNTBZVzVuYUhWcGFuVmhibnBvWlc1bmVXaz09IiwidHRsTWlsbGlzIjoxODAwMDAwMCwiaWQiOiIzMTI0MTk4Njg0MjUwNjQ0NDgifQA="}
2019-05-21 at 23:08:43 CST INFO  com.betel.servers.node.NodeServerMonitor 39 RespondJson - Recv action: player@player_login
2019-05-21 at 23:10:03 CST INFO  com.betel.common.Monitor 122 recvByteBuf - [recv] msgLen:357 json:{"server":"LobbyServer","client":"Unity","action":"player@player_login","from_server":"JsonGateServer","aid":"312419868425064448","channelId":"00163efffe0e8f62-0000493d-00000073-f8a67307f5be25e1-042fb745","token":"eyJzZWNyZXRLZXkiOiJlbWhsYm1kdVlXNTBZVzVuYUhWcGFuVmhibnBvWlc1bmVXaz09IiwidHRsTWlsbGlzIjoxODAwMDAwMCwiaWQiOiIzMTI0MTk4Njg0MjUwNjQ0NDgifQA="}
2019-05-21 at 23:10:03 CST INFO  com.betel.servers.node.NodeServerMonitor 39 RespondJson - Recv action: player@player_login
2019-05-21 at 23:14:27 CST INFO  com.betel.common.Monitor 122 recvByteBuf - [recv] msgLen:357 json:{"server":"LobbyServer","client":"Unity","action":"player@player_login","from_server":"JsonGateServer","aid":"312419868425064448","channelId":"00163efffe0e8f62-0000493d-00000074-c9fae766963a2d4a-702d6a4a","token":"eyJzZWNyZXRLZXkiOiJlbWhsYm1kdVlXNTBZVzVuYUhWcGFuVmhibnBvWlc1bmVXaz09IiwidHRsTWlsbGlzIjoxODAwMDAwMCwiaWQiOiIzMTI0MTk4Njg0MjUwNjQ0NDgifQA="}
2019-05-21 at 23:14:27 CST INFO  com.betel.servers.node.NodeServerMonitor 39 RespondJson - Recv action: player@player_login
2019-05-21 at 23:15:28 CST INFO  com.betel.common.Monitor 122 recvByteBuf - [recv] msgLen:357 json:{"server":"LobbyServer","client":"Unity","action":"player@player_login","from_server":"JsonGateServer","aid":"312419868425064448","channelId":"00163efffe0e8f62-0000493d-00000075-4a3951cbd8393db8-f88de6a8","token":"eyJzZWNyZXRLZXkiOiJlbWhsYm1kdVlXNTBZVzVuYUhWcGFuVmhibnBvWlc1bmVXaz09IiwidHRsTWlsbGlzIjoxODAwMDAwMCwiaWQiOiIzMTI0MTk4Njg0MjUwNjQ0NDgifQA="}
2019-05-21 at 23:15:28 CST INFO  com.betel.servers.node.NodeServerMonitor 39 RespondJson - Recv action: player@player_login
2019-05-21 at 23:16:03 CST INFO  com.betel.common.Monitor 122 recvByteBuf - [recv] msgLen:357 json:{"server":"LobbyServer","client":"Unity","action":"player@player_login","from_server":"JsonGateServer","aid":"312419868425064448","channelId":"00163efffe0e8f62-0000493d-00000076-ed1f0603c839a51b-18915e4f","token":"eyJzZWNyZXRLZXkiOiJlbWhsYm1kdVlXNTBZVzVuYUhWcGFuVmhibnBvWlc1bmVXaz09IiwidHRsTWlsbGlzIjoxODAwMDAwMCwiaWQiOiIzMTI0MTk4Njg0MjUwNjQ0NDgifQA="}
2019-05-21 at 23:16:03 CST INFO  com.betel.servers.node.NodeServerMonitor 39 RespondJson - Recv action: player@player_login
2019-05-21 at 23:17:54 CST INFO  com.betel.common.Monitor 122 recvByteBuf - [recv] msgLen:357 json:{"server":"LobbyServer","client":"Unity","action":"player@player_login","from_server":"JsonGateServer","aid":"312419868425064448","channelId":"00163efffe0e8f62-0000493d-00000077-d8526b849c37f73f-d246dc3e","token":"eyJzZWNyZXRLZXkiOiJlbWhsYm1kdVlXNTBZVzVuYUhWcGFuVmhibnBvWlc1bmVXaz09IiwidHRsTWlsbGlzIjoxODAwMDAwMCwiaWQiOiIzMTI0MTk4Njg0MjUwNjQ0NDgifQA="}
2019-05-21 at 23:17:54 CST INFO  com.betel.servers.node.NodeServerMonitor 39 RespondJson - Recv action: player@player_login
2019-05-21 at 23:19:36 CST INFO  com.betel.common.Monitor 122 recvByteBuf - [recv] msgLen:357 json:{"server":"LobbyServer","client":"Unity","action":"player@player_login","from_server":"JsonGateServer","aid":"312419868425064448","channelId":"00163efffe0e8f62-0000493d-00000078-92c2fa128435641a-0da21ede","token":"eyJzZWNyZXRLZXkiOiJlbWhsYm1kdVlXNTBZVzVuYUhWcGFuVmhibnBvWlc1bmVXaz09IiwidHRsTWlsbGlzIjoxODAwMDAwMCwiaWQiOiIzMTI0MTk4Njg0MjUwNjQ0NDgifQA="}
2019-05-21 at 23:19:36 CST INFO  com.betel.servers.node.NodeServerMonitor 39 RespondJson - Recv action: player@player_login
2019-05-21 at 23:20:19 CST INFO  com.betel.common.Monitor 122 recvByteBuf - [recv] msgLen:357 json:{"server":"LobbyServer","client":"Unity","action":"player@player_login","from_server":"JsonGateServer","aid":"312419868425064448","channelId":"00163efffe0e8f62-0000493d-00000079-2865a408fb35ce7b-d6125fbe","token":"eyJzZWNyZXRLZXkiOiJlbWhsYm1kdVlXNTBZVzVuYUhWcGFuVmhibnBvWlc1bmVXaz09IiwidHRsTWlsbGlzIjoxODAwMDAwMCwiaWQiOiIzMTI0MTk4Njg0MjUwNjQ0NDgifQA="}
2019-05-21 at 23:20:19 CST INFO  com.betel.servers.node.NodeServerMonitor 39 RespondJson - Recv action: player@player_login
2019-05-21 at 23:21:05 CST INFO  com.betel.common.Monitor 122 recvByteBuf - [recv] msgLen:357 json:{"server":"LobbyServer","client":"Unity","action":"player@player_login","from_server":"JsonGateServer","aid":"312419868425064448","channelId":"00163efffe0e8f62-0000493d-0000007a-2d694b05ab3419c4-76844c6a","token":"eyJzZWNyZXRLZXkiOiJlbWhsYm1kdVlXNTBZVzVuYUhWcGFuVmhibnBvWlc1bmVXaz09IiwidHRsTWlsbGlzIjoxODAwMDAwMCwiaWQiOiIzMTI0MTk4Njg0MjUwNjQ0NDgifQA="}
2019-05-21 at 23:21:05 CST INFO  com.betel.servers.node.NodeServerMonitor 39 RespondJson - Recv action: player@player_login
2019-05-21 at 23:21:58 CST INFO  com.betel.common.Monitor 122 recvByteBuf - [recv] msgLen:357 json:{"server":"LobbyServer","client":"Unity","action":"player@player_login","from_server":"JsonGateServer","aid":"312419868425064448","channelId":"00163efffe0e8f62-0000493d-0000007b-973ebd10033349e7-a0235621","token":"eyJzZWNyZXRLZXkiOiJlbWhsYm1kdVlXNTBZVzVuYUhWcGFuVmhibnBvWlc1bmVXaz09IiwidHRsTWlsbGlzIjoxODAwMDAwMCwiaWQiOiIzMTI0MTk4Njg0MjUwNjQ0NDgifQA="}
2019-05-21 at 23:21:58 CST INFO  com.betel.servers.node.NodeServerMonitor 39 RespondJson - Recv action: player@player_login
2019-05-21 at 23:23:30 CST INFO  com.betel.common.Monitor 122 recvByteBuf - [recv] msgLen:357 json:{"server":"LobbyServer","client":"Unity","action":"player@player_login","from_server":"JsonGateServer","aid":"312419868425064448","channelId":"00163efffe0e8f62-0000493d-0000007c-71a724d7d732d07a-1d7e3901","token":"eyJzZWNyZXRLZXkiOiJlbWhsYm1kdVlXNTBZVzVuYUhWcGFuVmhibnBvWlc1bmVXaz09IiwidHRsTWlsbGlzIjoxODAwMDAwMCwiaWQiOiIzMTI0MTk4Njg0MjUwNjQ0NDgifQA="}
2019-05-21 at 23:23:30 CST INFO  com.betel.servers.node.NodeServerMonitor 39 RespondJson - Recv action: player@player_login
2019-05-21 at 23:25:59 CST INFO  com.betel.common.Monitor 122 recvByteBuf - [recv] msgLen:357 json:{"server":"LobbyServer","client":"Unity","action":"player@player_login","from_server":"JsonGateServer","aid":"312419868425064448","channelId":"00163efffe0e8f62-0000493d-0000007d-72c8d76c11309d92-90a9f184","token":"eyJzZWNyZXRLZXkiOiJlbWhsYm1kdVlXNTBZVzVuYUhWcGFuVmhibnBvWlc1bmVXaz09IiwidHRsTWlsbGlzIjoxODAwMDAwMCwiaWQiOiIzMTI0MTk4Njg0MjUwNjQ0NDgifQA="}
2019-05-21 at 23:25:59 CST INFO  com.betel.servers.node.NodeServerMonitor 39 RespondJson - Recv action: player@player_login
2019-05-21 at 23:26:25 CST INFO  com.betel.common.Monitor 122 recvByteBuf - [recv] msgLen:357 json:{"server":"LobbyServer","client":"Unity","action":"player@player_login","from_server":"JsonGateServer","aid":"312419868425064448","channelId":"00163efffe0e8f62-0000493d-0000007e-63c82ffb40cf24ec-6115727d","token":"eyJzZWNyZXRLZXkiOiJlbWhsYm1kdVlXNTBZVzVuYUhWcGFuVmhibnBvWlc1bmVXaz09IiwidHRsTWlsbGlzIjoxODAwMDAwMCwiaWQiOiIzMTI0MTk4Njg0MjUwNjQ0NDgifQA="}
2019-05-21 at 23:26:25 CST INFO  com.betel.servers.node.NodeServerMonitor 39 RespondJson - Recv action: player@player_login
2019-05-21 at 23:31:36 CST INFO  com.betel.common.Monitor 122 recvByteBuf - [recv] msgLen:357 json:{"server":"LobbyServer","client":"Unity","action":"player@player_login","from_server":"JsonGateServer","aid":"312419868425064448","channelId":"00163efffe0e8f62-0000493d-0000007f-0a1e96fd5f2a7b34-83ebbfb9","token":"eyJzZWNyZXRLZXkiOiJlbWhsYm1kdVlXNTBZVzVuYUhWcGFuVmhibnBvWlc1bmVXaz09IiwidHRsTWlsbGlzIjoxODAwMDAwMCwiaWQiOiIzMTI0MTk4Njg0MjUwNjQ0NDgifQA="}
2019-05-21 at 23:31:36 CST INFO  com.betel.servers.node.NodeServerMonitor 39 RespondJson - Recv action: player@player_login
2019-05-21 at 23:35:16 CST INFO  com.betel.common.Monitor 122 recvByteBuf - [recv] msgLen:357 json:{"server":"LobbyServer","client":"Unity","action":"player@player_login","from_server":"JsonGateServer","aid":"312419868425064448","channelId":"00163efffe0e8f62-0000493d-00000080-aa1f152e71271e87-256b8f21","token":"eyJzZWNyZXRLZXkiOiJlbWhsYm1kdVlXNTBZVzVuYUhWcGFuVmhibnBvWlc1bmVXaz09IiwidHRsTWlsbGlzIjoxODAwMDAwMCwiaWQiOiIzMTI0MTk4Njg0MjUwNjQ0NDgifQA="}
2019-05-21 at 23:35:16 CST INFO  com.betel.servers.node.NodeServerMonitor 39 RespondJson - Recv action: player@player_login
2019-05-21 at 23:59:02 CST INFO  com.betel.database.RedisClient 39 connectDB - Redis Database connection success! connection info:127.0.0.1:6379
2019-05-21 at 23:59:02 CST INFO  com.betel.servers.node.NodeServer 69 run - LobbyServer :8092 startup successful!
2019-05-21 at 23:59:02 CST INFO  com.betel.servers.node.NodeServer$2 93 run - Node Server Client is connecting center server:BalanceServer
2019-05-21 at 23:59:02 CST INFO  com.betel.servers.forward.ServerClient 41 run - Server Client boot start...
2019-05-21 at 23:59:02 CST INFO  com.betel.handler.ByteBufHandler 34 handlerAdded - Client ip:null is added
2019-05-21 at 23:59:02 CST INFO  com.betel.handler.ByteBufHandler 61 channelActive - Client ip:/118.31.3.216:8090 is online
2019-05-21 at 23:59:02 CST INFO  com.betel.servers.forward.ServerClient 59 run - Client connect BalanceServer successful!!!
2019-05-21 at 23:59:04 CST INFO  com.betel.common.Monitor 122 recvByteBuf - [recv] msgLen:357 json:{"server":"LobbyServer","client":"Unity","action":"player@player_login","from_server":"JsonGateServer","aid":"312419868425064448","channelId":"00163efffe0e8f62-0000493d-00000082-659e63df5eb141ae-3cdd1148","token":"eyJzZWNyZXRLZXkiOiJlbWhsYm1kdVlXNTBZVzVuYUhWcGFuVmhibnBvWlc1bmVXaz09IiwidHRsTWlsbGlzIjoxODAwMDAwMCwiaWQiOiIzMTI0MTk4Njg0MjUwNjQ0NDgifQA="}
2019-05-21 at 23:59:05 CST INFO  com.betel.servers.node.NodeServerMonitor 39 RespondJson - Recv action: player@player_login
2019-05-21 at 23:59:46 CST INFO  com.betel.common.Monitor 122 recvByteBuf - [recv] msgLen:357 json:{"server":"LobbyServer","client":"Unity","action":"player@player_login","from_server":"JsonGateServer","aid":"312419868425064448","channelId":"00163efffe0e8f62-0000493d-00000083-c3001b500eb1ac26-89d07957","token":"eyJzZWNyZXRLZXkiOiJlbWhsYm1kdVlXNTBZVzVuYUhWcGFuVmhibnBvWlc1bmVXaz09IiwidHRsTWlsbGlzIjoxODAwMDAwMCwiaWQiOiIzMTI0MTk4Njg0MjUwNjQ0NDgifQA="}
2019-05-21 at 23:59:46 CST INFO  com.betel.servers.node.NodeServerMonitor 39 RespondJson - Recv action: player@player_login
2019-05-22 at 00:00:59 CST INFO  com.betel.common.Monitor 122 recvByteBuf - [recv] msgLen:357 json:{"server":"LobbyServer","client":"Unity","action":"player@player_login","from_server":"JsonGateServer","aid":"312419868425064448","channelId":"00163efffe0e8f62-0000493d-00000084-3576eefce6b08241-15e7fc0a","token":"eyJzZWNyZXRLZXkiOiJlbWhsYm1kdVlXNTBZVzVuYUhWcGFuVmhibnBvWlc1bmVXaz09IiwidHRsTWlsbGlzIjoxODAwMDAwMCwiaWQiOiIzMTI0MTk4Njg0MjUwNjQ0NDgifQA="}
2019-05-22 at 00:00:59 CST INFO  com.betel.servers.node.NodeServerMonitor 39 RespondJson - Recv action: player@player_login
2019-05-22 at 00:01:38 CST INFO  com.betel.common.Monitor 122 recvByteBuf - [recv] msgLen:357 json:{"server":"LobbyServer","client":"Unity","action":"player@player_login","from_server":"JsonGateServer","aid":"312419868425064448","channelId":"00163efffe0e8f62-0000493d-00000085-0b57e224788ff9d3-7e57b4ba","token":"eyJzZWNyZXRLZXkiOiJlbWhsYm1kdVlXNTBZVzVuYUhWcGFuVmhibnBvWlc1bmVXaz09IiwidHRsTWlsbGlzIjoxODAwMDAwMCwiaWQiOiIzMTI0MTk4Njg0MjUwNjQ0NDgifQA="}
2019-05-22 at 00:01:38 CST INFO  com.betel.servers.node.NodeServerMonitor 39 RespondJson - Recv action: player@player_login
2019-05-22 at 00:04:56 CST INFO  com.betel.common.Monitor 122 recvByteBuf - [recv] msgLen:357 json:{"server":"LobbyServer","client":"Unity","action":"player@player_login","from_server":"JsonGateServer","aid":"312419868425064448","channelId":"00163efffe0e8f62-0000493d-00000086-a89350db148ce755-67247618","token":"eyJzZWNyZXRLZXkiOiJlbWhsYm1kdVlXNTBZVzVuYUhWcGFuVmhibnBvWlc1bmVXaz09IiwidHRsTWlsbGlzIjoxODAwMDAwMCwiaWQiOiIzMTI0MTk4Njg0MjUwNjQ0NDgifQA="}
2019-05-22 at 00:04:56 CST INFO  com.betel.servers.node.NodeServerMonitor 39 RespondJson - Recv action: player@player_login
2019-05-22 at 00:10:04 CST INFO  com.betel.common.Monitor 122 recvByteBuf - [recv] msgLen:357 json:{"server":"LobbyServer","client":"Unity","action":"player@player_login","from_server":"JsonGateServer","aid":"312419868425064448","channelId":"00163efffe0e8f62-0000493d-00000087-ab68d588074732ae-77c48f83","token":"eyJzZWNyZXRLZXkiOiJlbWhsYm1kdVlXNTBZVzVuYUhWcGFuVmhibnBvWlc1bmVXaz09IiwidHRsTWlsbGlzIjoxODAwMDAwMCwiaWQiOiIzMTI0MTk4Njg0MjUwNjQ0NDgifQA="}
2019-05-22 at 00:10:04 CST INFO  com.betel.servers.node.NodeServerMonitor 39 RespondJson - Recv action: player@player_login
2019-05-22 at 21:07:25 CST INFO  com.betel.database.RedisClient 39 connectDB - Redis Database connection success! connection info:127.0.0.1:6379
2019-05-22 at 21:07:26 CST INFO  com.betel.servers.node.NodeServer 69 run - LobbyServer :8092 startup successful!
2019-05-22 at 21:07:26 CST INFO  com.betel.servers.node.NodeServer$2 93 run - Node Server Client is connecting center server:BalanceServer
2019-05-22 at 21:07:26 CST INFO  com.betel.servers.forward.ServerClient 41 run - Server Client boot start...
2019-05-22 at 21:07:26 CST INFO  com.betel.handler.ByteBufHandler 34 handlerAdded - Client ip:null is added
2019-05-22 at 21:07:26 CST INFO  com.betel.handler.ByteBufHandler 61 channelActive - Client ip:/118.31.3.216:8090 is online
2019-05-22 at 21:07:26 CST INFO  com.betel.servers.forward.ServerClient 59 run - Client connect BalanceServer successful!!!
2019-05-22 at 21:11:48 CST INFO  com.betel.common.Monitor 122 recvByteBuf - [recv] msgLen:357 json:{"server":"LobbyServer","client":"Unity","action":"player@player_login","from_server":"JsonGateServer","aid":"312419868425064448","channelId":"00163efffe0e8f62-0000493d-00000089-859c5874f777a85a-e7c14476","token":"eyJzZWNyZXRLZXkiOiJlbWhsYm1kdVlXNTBZVzVuYUhWcGFuVmhibnBvWlc1bmVXaz09IiwidHRsTWlsbGlzIjoxODAwMDAwMCwiaWQiOiIzMTI0MTk4Njg0MjUwNjQ0NDgifQA="}
2019-05-22 at 21:11:48 CST INFO  com.betel.servers.node.NodeServerMonitor 39 RespondJson - Recv action: player@player_login
2019-05-22 at 21:34:21 CST INFO  com.betel.database.RedisClient 39 connectDB - Redis Database connection success! connection info:127.0.0.1:6379
2019-05-22 at 21:34:21 CST INFO  com.betel.servers.node.NodeServer 69 run - LobbyServer :8092 startup successful!
2019-05-22 at 21:34:21 CST INFO  com.betel.servers.node.NodeServer$2 93 run - Node Server Client is connecting center server:BalanceServer
2019-05-22 at 21:34:21 CST INFO  com.betel.servers.forward.ServerClient 41 run - Server Client boot start...
2019-05-22 at 21:34:21 CST INFO  com.betel.handler.ByteBufHandler 34 handlerAdded - Client ip:null is added
2019-05-22 at 21:34:21 CST INFO  com.betel.servers.forward.ServerClient 59 run - Client connect BalanceServer successful!!!
2019-05-22 at 21:34:21 CST INFO  com.betel.handler.ByteBufHandler 61 channelActive - Client ip:/118.31.3.216:8090 is online
2019-05-22 at 21:34:29 CST INFO  com.betel.common.Monitor 122 recvByteBuf - [recv] msgLen:357 json:{"server":"LobbyServer","client":"Unity","action":"player@player_login","from_server":"JsonGateServer","aid":"312419868425064448","channelId":"00163efffe0e8f62-0000493d-0000008b-1708d49e55fce9f3-b7fdbce5","token":"eyJzZWNyZXRLZXkiOiJlbWhsYm1kdVlXNTBZVzVuYUhWcGFuVmhibnBvWlc1bmVXaz09IiwidHRsTWlsbGlzIjoxODAwMDAwMCwiaWQiOiIzMTI0MTk4Njg0MjUwNjQ0NDgifQA="}
2019-05-22 at 21:34:29 CST INFO  com.betel.servers.node.NodeServerMonitor 39 RespondJson - Recv action: player@player_login
2019-05-22 at 21:40:15 CST INFO  com.betel.common.Monitor 122 recvByteBuf - [recv] msgLen:357 json:{"server":"LobbyServer","client":"Unity","action":"player@player_login","from_server":"JsonGateServer","aid":"312419868425064448","channelId":"00163efffe0e8f62-0000493d-0000008c-599bd6095af9920a-711fb40b","token":"eyJzZWNyZXRLZXkiOiJlbWhsYm1kdVlXNTBZVzVuYUhWcGFuVmhibnBvWlc1bmVXaz09IiwidHRsTWlsbGlzIjoxODAwMDAwMCwiaWQiOiIzMTI0MTk4Njg0MjUwNjQ0NDgifQA="}
2019-05-22 at 21:40:15 CST INFO  com.betel.servers.node.NodeServerMonitor 39 RespondJson - Recv action: player@player_login
2019-05-22 at 21:41:01 CST INFO  com.betel.common.Monitor 122 recvByteBuf - [recv] msgLen:357 json:{"server":"LobbyServer","client":"Unity","action":"player@player_login","from_server":"JsonGateServer","aid":"312419868425064448","channelId":"00163efffe0e8f62-0000493d-0000008d-d973e90beafaee57-e3890a61","token":"eyJzZWNyZXRLZXkiOiJlbWhsYm1kdVlXNTBZVzVuYUhWcGFuVmhibnBvWlc1bmVXaz09IiwidHRsTWlsbGlzIjoxODAwMDAwMCwiaWQiOiIzMTI0MTk4Njg0MjUwNjQ0NDgifQA="}
2019-05-22 at 21:41:01 CST INFO  com.betel.servers.node.NodeServerMonitor 39 RespondJson - Recv action: player@player_login
2019-05-22 at 21:42:05 CST INFO  com.betel.common.Monitor 122 recvByteBuf - [recv] msgLen:357 json:{"server":"LobbyServer","client":"Unity","action":"player@player_login","from_server":"JsonGateServer","aid":"312419868425064448","channelId":"00163efffe0e8f62-0000493d-0000008e-9446eb8402fbe108-7998eccb","token":"eyJzZWNyZXRLZXkiOiJlbWhsYm1kdVlXNTBZVzVuYUhWcGFuVmhibnBvWlc1bmVXaz09IiwidHRsTWlsbGlzIjoxODAwMDAwMCwiaWQiOiIzMTI0MTk4Njg0MjUwNjQ0NDgifQA="}
2019-05-22 at 21:42:05 CST INFO  com.betel.servers.node.NodeServerMonitor 39 RespondJson - Recv action: player@player_login
2019-05-22 at 21:45:07 CST INFO  com.betel.common.Monitor 122 recvByteBuf - [recv] msgLen:357 json:{"server":"LobbyServer","client":"Unity","action":"player@player_login","from_server":"JsonGateServer","aid":"312419868425064448","channelId":"00163efffe0e8f62-0000493d-0000008f-2103e28178f52ffe-2c2e06ca","token":"eyJzZWNyZXRLZXkiOiJlbWhsYm1kdVlXNTBZVzVuYUhWcGFuVmhibnBvWlc1bmVXaz09IiwidHRsTWlsbGlzIjoxODAwMDAwMCwiaWQiOiIzMTI0MTk4Njg0MjUwNjQ0NDgifQA="}
2019-05-22 at 21:45:07 CST INFO  com.betel.servers.node.NodeServerMonitor 39 RespondJson - Recv action: player@player_login
2019-05-22 at 21:46:16 CST INFO  com.betel.common.Monitor 122 recvByteBuf - [recv] msgLen:357 json:{"server":"LobbyServer","client":"Unity","action":"player@player_login","from_server":"JsonGateServer","aid":"312419868425064448","channelId":"00163efffe0e8f62-0000493d-00000090-b12eb24570f61e55-fd8f51f9","token":"eyJzZWNyZXRLZXkiOiJlbWhsYm1kdVlXNTBZVzVuYUhWcGFuVmhibnBvWlc1bmVXaz09IiwidHRsTWlsbGlzIjoxODAwMDAwMCwiaWQiOiIzMTI0MTk4Njg0MjUwNjQ0NDgifQA="}
2019-05-22 at 21:46:16 CST INFO  com.betel.servers.node.NodeServerMonitor 39 RespondJson - Recv action: player@player_login
2019-05-22 at 21:47:21 CST INFO  com.betel.common.Monitor 122 recvByteBuf - [recv] msgLen:357 json:{"server":"LobbyServer","client":"Unity","action":"player@player_login","from_server":"JsonGateServer","aid":"312419868425064448","channelId":"00163efffe0e8f62-0000493d-00000091-44d8ca9dff7711aa-6c05623c","token":"eyJzZWNyZXRLZXkiOiJlbWhsYm1kdVlXNTBZVzVuYUhWcGFuVmhibnBvWlc1bmVXaz09IiwidHRsTWlsbGlzIjoxODAwMDAwMCwiaWQiOiIzMTI0MTk4Njg0MjUwNjQ0NDgifQA="}
2019-05-22 at 21:47:21 CST INFO  com.betel.servers.node.NodeServerMonitor 39 RespondJson - Recv action: player@player_login
2019-05-22 at 21:47:37 CST INFO  com.betel.common.Monitor 122 recvByteBuf - [recv] msgLen:357 json:{"server":"LobbyServer","client":"Unity","action":"player@player_login","from_server":"JsonGateServer","aid":"312419868425064448","channelId":"00163efffe0e8f62-0000493d-00000092-59732907cf70d0fd-e1c5ec95","token":"eyJzZWNyZXRLZXkiOiJlbWhsYm1kdVlXNTBZVzVuYUhWcGFuVmhibnBvWlc1bmVXaz09IiwidHRsTWlsbGlzIjoxODAwMDAwMCwiaWQiOiIzMTI0MTk4Njg0MjUwNjQ0NDgifQA="}
2019-05-22 at 21:47:37 CST INFO  com.betel.servers.node.NodeServerMonitor 39 RespondJson - Recv action: player@player_login
2019-05-22 at 21:47:55 CST INFO  com.betel.common.Monitor 122 recvByteBuf - [recv] msgLen:357 json:{"server":"LobbyServer","client":"Unity","action":"player@player_login","from_server":"JsonGateServer","aid":"312419868425064448","channelId":"00163efffe0e8f62-0000493d-00000093-b0759f71ef709e5a-3e9cc493","token":"eyJzZWNyZXRLZXkiOiJlbWhsYm1kdVlXNTBZVzVuYUhWcGFuVmhibnBvWlc1bmVXaz09IiwidHRsTWlsbGlzIjoxODAwMDAwMCwiaWQiOiIzMTI0MTk4Njg0MjUwNjQ0NDgifQA="}
2019-05-22 at 21:47:55 CST INFO  com.betel.servers.node.NodeServerMonitor 39 RespondJson - Recv action: player@player_login
2019-05-22 at 22:58:09 CST INFO  com.betel.database.RedisClient 39 connectDB - Redis Database connection success! connection info:127.0.0.1:6379
2019-05-22 at 22:58:10 CST INFO  com.betel.servers.node.NodeServer 69 run - LobbyServer :8092 startup successful!
2019-05-22 at 22:58:10 CST INFO  com.betel.servers.node.NodeServer$2 93 run - Node Server Client is connecting center server:BalanceServer
2019-05-22 at 22:58:10 CST INFO  com.betel.servers.forward.ServerClient 41 run - Server Client boot start...
2019-05-22 at 22:58:10 CST INFO  com.betel.handler.ByteBufHandler 34 handlerAdded - Client ip:null is added
2019-05-22 at 22:58:10 CST INFO  com.betel.handler.ByteBufHandler 61 channelActive - Client ip:/118.31.3.216:8090 is online
2019-05-22 at 22:58:10 CST INFO  com.betel.servers.forward.ServerClient 59 run - Client connect BalanceServer successful!!!
2019-05-22 at 22:58:13 CST INFO  com.betel.common.Monitor 122 recvByteBuf - [recv] msgLen:357 json:{"server":"LobbyServer","client":"Unity","action":"player@player_login","from_server":"JsonGateServer","aid":"312419868425064448","channelId":"00163efffe0e8f62-0000493d-00000095-917ee802270e3da6-7a92a747","token":"eyJzZWNyZXRLZXkiOiJlbWhsYm1kdVlXNTBZVzVuYUhWcGFuVmhibnBvWlc1bmVXaz09IiwidHRsTWlsbGlzIjoxODAwMDAwMCwiaWQiOiIzMTI0MTk4Njg0MjUwNjQ0NDgifQA="}
2019-05-22 at 22:58:13 CST INFO  com.betel.servers.node.NodeServerMonitor 39 RespondJson - Recv action: player@player_login
2019-05-22 at 23:03:38 CST INFO  com.betel.common.Monitor 122 recvByteBuf - [recv] msgLen:357 json:{"server":"LobbyServer","client":"Unity","action":"player@player_login","from_server":"JsonGateServer","aid":"312419868425064448","channelId":"00163efffe0e8f62-0000493d-00000096-bc01f0a794934a3a-1ff6394e","token":"eyJzZWNyZXRLZXkiOiJlbWhsYm1kdVlXNTBZVzVuYUhWcGFuVmhibnBvWlc1bmVXaz09IiwidHRsTWlsbGlzIjoxODAwMDAwMCwiaWQiOiIzMTI0MTk4Njg0MjUwNjQ0NDgifQA="}
2019-05-22 at 23:03:38 CST INFO  com.betel.servers.node.NodeServerMonitor 39 RespondJson - Recv action: player@player_login
2019-05-22 at 23:04:18 CST INFO  com.betel.common.Monitor 122 recvByteBuf - [recv] msgLen:357 json:{"server":"LobbyServer","client":"Unity","action":"player@player_login","from_server":"JsonGateServer","aid":"312419868425064448","channelId":"00163efffe0e8f62-0000493d-00000097-c76531ad0c90ac55-d8e1dd4a","token":"eyJzZWNyZXRLZXkiOiJlbWhsYm1kdVlXNTBZVzVuYUhWcGFuVmhibnBvWlc1bmVXaz09IiwidHRsTWlsbGlzIjoxODAwMDAwMCwiaWQiOiIzMTI0MTk4Njg0MjUwNjQ0NDgifQA="}
2019-05-22 at 23:04:18 CST INFO  com.betel.servers.node.NodeServerMonitor 39 RespondJson - Recv action: player@player_login
2019-05-22 at 23:08:38 CST INFO  com.betel.common.Monitor 122 recvByteBuf - [recv] msgLen:357 json:{"server":"LobbyServer","client":"Unity","action":"player@player_login","from_server":"JsonGateServer","aid":"312419868425064448","channelId":"00163efffe0e8f62-0000493d-00000098-7ac6d9c4ce94a48a-742aa563","token":"eyJzZWNyZXRLZXkiOiJlbWhsYm1kdVlXNTBZVzVuYUhWcGFuVmhibnBvWlc1bmVXaz09IiwidHRsTWlsbGlzIjoxODAwMDAwMCwiaWQiOiIzMTI0MTk4Njg0MjUwNjQ0NDgifQA="}
2019-05-22 at 23:08:38 CST INFO  com.betel.servers.node.NodeServerMonitor 39 RespondJson - Recv action: player@player_login
2019-05-23 at 21:14:02 CST INFO  com.betel.database.RedisClient 39 connectDB - Redis Database connection success! connection info:127.0.0.1:6379
2019-05-23 at 21:14:02 CST INFO  com.betel.servers.node.NodeServer 69 run - LobbyServer :8092 startup successful!
2019-05-23 at 21:14:02 CST INFO  com.betel.servers.node.NodeServer$2 93 run - Node Server Client is connecting center server:BalanceServer
2019-05-23 at 21:14:02 CST INFO  com.betel.servers.forward.ServerClient 41 run - Server Client boot start...
2019-05-23 at 21:14:02 CST INFO  com.betel.handler.ByteBufHandler 34 handlerAdded - Client ip:null is added
2019-05-23 at 21:14:02 CST INFO  com.betel.handler.ByteBufHandler 61 channelActive - Client ip:/118.31.3.216:8090 is online
2019-05-23 at 21:14:02 CST INFO  com.betel.servers.forward.ServerClient 59 run - Client connect BalanceServer successful!!!
2019-05-23 at 21:16:36 CST INFO  com.betel.common.Monitor 122 recvByteBuf - [recv] msgLen:357 json:{"server":"LobbyServer","client":"Unity","action":"player@player_login","from_server":"JsonGateServer","aid":"312419868425064448","channelId":"00163efffe0e8f62-0000493d-00000099-d8c83aaf3347e1bc-edf75c1d","token":"eyJzZWNyZXRLZXkiOiJlbWhsYm1kdVlXNTBZVzVuYUhWcGFuVmhibnBvWlc1bmVXaz09IiwidHRsTWlsbGlzIjoxODAwMDAwMCwiaWQiOiIzMTI0MTk4Njg0MjUwNjQ0NDgifQA="}
2019-05-23 at 21:16:36 CST INFO  com.betel.servers.node.NodeServerMonitor 39 RespondJson - Recv action: player@player_login
2019-05-23 at 22:35:44 CST INFO  com.betel.database.RedisClient 39 connectDB - Redis Database connection success! connection info:127.0.0.1:6379
2019-05-23 at 22:35:45 CST INFO  com.betel.servers.node.NodeServer 69 run - LobbyServer :8092 startup successful!
2019-05-23 at 22:35:45 CST INFO  com.betel.servers.node.NodeServer$2 93 run - Node Server Client is connecting center server:BalanceServer
2019-05-23 at 22:35:45 CST INFO  com.betel.servers.forward.ServerClient 41 run - Server Client boot start...
2019-05-23 at 22:35:45 CST INFO  com.betel.handler.ByteBufHandler 34 handlerAdded - Client ip:null is added
2019-05-23 at 22:35:45 CST INFO  com.betel.servers.forward.ServerClient 59 run - Client connect BalanceServer successful!!!
2019-05-23 at 22:35:45 CST INFO  com.betel.handler.ByteBufHandler 61 channelActive - Client ip:/118.31.3.216:8090 is online
2019-05-23 at 22:35:54 CST INFO  com.betel.common.Monitor 122 recvByteBuf - [recv] msgLen:357 json:{"server":"LobbyServer","client":"Unity","action":"player@player_login","from_server":"JsonGateServer","aid":"312419868425064448","channelId":"00163efffe0e8f62-0000493d-0000009b-1974ec4c196f5ac1-e72453cb","token":"eyJzZWNyZXRLZXkiOiJlbWhsYm1kdVlXNTBZVzVuYUhWcGFuVmhibnBvWlc1bmVXaz09IiwidHRsTWlsbGlzIjoxODAwMDAwMCwiaWQiOiIzMTI0MTk4Njg0MjUwNjQ0NDgifQA="}
2019-05-23 at 22:35:54 CST INFO  com.betel.servers.node.NodeServerMonitor 39 RespondJson - Recv action: player@player_login
2019-05-23 at 22:43:44 CST INFO  com.betel.database.RedisClient 39 connectDB - Redis Database connection success! connection info:127.0.0.1:6379
2019-05-23 at 22:43:44 CST INFO  com.betel.servers.node.NodeServer 69 run - LobbyServer :8092 startup successful!
2019-05-23 at 22:43:44 CST INFO  com.betel.servers.node.NodeServer$2 93 run - Node Server Client is connecting center server:BalanceServer
2019-05-23 at 22:43:44 CST INFO  com.betel.servers.forward.ServerClient 41 run - Server Client boot start...
2019-05-23 at 22:43:44 CST INFO  com.betel.handler.ByteBufHandler 34 handlerAdded - Client ip:null is added
2019-05-23 at 22:43:44 CST INFO  com.betel.servers.forward.ServerClient 59 run - Client connect BalanceServer successful!!!
2019-05-23 at 22:43:44 CST INFO  com.betel.handler.ByteBufHandler 61 channelActive - Client ip:/118.31.3.216:8090 is online
2019-05-23 at 22:43:50 CST INFO  com.betel.common.Monitor 122 recvByteBuf - [recv] msgLen:357 json:{"server":"LobbyServer","client":"Unity","action":"player@player_login","from_server":"JsonGateServer","aid":"312419868425064448","channelId":"00163efffe0e8f62-0000493d-0000009d-ed778ee8905406bf-f2a7e12b","token":"eyJzZWNyZXRLZXkiOiJlbWhsYm1kdVlXNTBZVzVuYUhWcGFuVmhibnBvWlc1bmVXaz09IiwidHRsTWlsbGlzIjoxODAwMDAwMCwiaWQiOiIzMTI0MTk4Njg0MjUwNjQ0NDgifQA="}
2019-05-23 at 22:43:50 CST INFO  com.betel.servers.node.NodeServerMonitor 39 RespondJson - Recv action: player@player_login
2019-05-23 at 22:45:05 CST INFO  com.betel.common.Monitor 122 recvByteBuf - [recv] msgLen:357 json:{"server":"LobbyServer","client":"Unity","action":"player@player_login","from_server":"JsonGateServer","aid":"312419868425064448","channelId":"00163efffe0e8f62-0000493d-0000009e-fa7d3ae11856ed64-e57d3751","token":"eyJzZWNyZXRLZXkiOiJlbWhsYm1kdVlXNTBZVzVuYUhWcGFuVmhibnBvWlc1bmVXaz09IiwidHRsTWlsbGlzIjoxODAwMDAwMCwiaWQiOiIzMTI0MTk4Njg0MjUwNjQ0NDgifQA="}
2019-05-23 at 22:45:05 CST INFO  com.betel.servers.node.NodeServerMonitor 39 RespondJson - Recv action: player@player_login
2019-05-23 at 22:48:13 CST INFO  com.betel.common.Monitor 122 recvByteBuf - [recv] msgLen:357 json:{"server":"LobbyServer","client":"Unity","action":"player@player_login","from_server":"JsonGateServer","aid":"312419868425064448","channelId":"00163efffe0e8f62-0000493d-0000009f-164e35fb325802d3-476c1ef4","token":"eyJzZWNyZXRLZXkiOiJlbWhsYm1kdVlXNTBZVzVuYUhWcGFuVmhibnBvWlc1bmVXaz09IiwidHRsTWlsbGlzIjoxODAwMDAwMCwiaWQiOiIzMTI0MTk4Njg0MjUwNjQ0NDgifQA="}
2019-05-23 at 22:48:13 CST INFO  com.betel.servers.node.NodeServerMonitor 39 RespondJson - Recv action: player@player_login
2019-05-23 at 22:49:58 CST INFO  com.betel.common.Monitor 122 recvByteBuf - [recv] msgLen:357 json:{"server":"LobbyServer","client":"Unity","action":"player@player_login","from_server":"JsonGateServer","aid":"312419868425064448","channelId":"00163efffe0e8f62-0000493d-000000a0-2deba13ac5da65ec-216e1416","token":"eyJzZWNyZXRLZXkiOiJlbWhsYm1kdVlXNTBZVzVuYUhWcGFuVmhibnBvWlc1bmVXaz09IiwidHRsTWlsbGlzIjoxODAwMDAwMCwiaWQiOiIzMTI0MTk4Njg0MjUwNjQ0NDgifQA="}
2019-05-23 at 22:49:58 CST INFO  com.betel.servers.node.NodeServerMonitor 39 RespondJson - Recv action: player@player_login
2019-05-23 at 22:50:23 CST INFO  com.betel.common.Monitor 122 recvByteBuf - [recv] msgLen:357 json:{"server":"LobbyServer","client":"Unity","action":"player@player_login","from_server":"JsonGateServer","aid":"312419868425064448","channelId":"00163efffe0e8f62-0000493d-000000a1-5c218e5975da0695-28984a60","token":"eyJzZWNyZXRLZXkiOiJlbWhsYm1kdVlXNTBZVzVuYUhWcGFuVmhibnBvWlc1bmVXaz09IiwidHRsTWlsbGlzIjoxODAwMDAwMCwiaWQiOiIzMTI0MTk4Njg0MjUwNjQ0NDgifQA="}
2019-05-23 at 22:50:23 CST INFO  com.betel.servers.node.NodeServerMonitor 39 RespondJson - Recv action: player@player_login
2019-05-24 at 21:56:16 CST INFO  com.betel.database.RedisClient 39 connectDB - Redis Database connection success! connection info:127.0.0.1:6379
2019-05-24 at 21:56:17 CST INFO  com.betel.servers.node.NodeServer 69 run - LobbyServer :8092 startup successful!
2019-05-24 at 21:56:17 CST INFO  com.betel.servers.node.NodeServer$2 93 run - Node Server Client is connecting center server:BalanceServer
2019-05-24 at 21:56:17 CST INFO  com.betel.servers.forward.ServerClient 41 run - Server Client boot start...
2019-05-24 at 21:56:17 CST INFO  com.betel.handler.ByteBufHandler 34 handlerAdded - Client ip:null is added
2019-05-24 at 21:56:17 CST INFO  com.betel.handler.ByteBufHandler 61 channelActive - Client ip:/118.31.3.216:8090 is online
2019-05-24 at 21:56:17 CST INFO  com.betel.servers.forward.ServerClient 59 run - Client connect BalanceServer successful!!!
2019-05-24 at 22:09:46 CST INFO  com.betel.database.RedisClient 39 connectDB - Redis Database connection success! connection info:127.0.0.1:6379
2019-05-24 at 22:09:47 CST INFO  com.betel.servers.node.NodeServer 69 run - LobbyServer :8092 startup successful!
2019-05-24 at 22:09:47 CST INFO  com.betel.servers.node.NodeServer$2 93 run - Node Server Client is connecting center server:BalanceServer
2019-05-24 at 22:09:47 CST INFO  com.betel.servers.forward.ServerClient 41 run - Server Client boot start...
2019-05-24 at 22:09:47 CST INFO  com.betel.handler.ByteBufHandler 34 handlerAdded - Client ip:null is added
2019-05-24 at 22:09:47 CST INFO  com.betel.servers.forward.ServerClient 59 run - Client connect BalanceServer successful!!!
2019-05-24 at 22:09:47 CST INFO  com.betel.handler.ByteBufHandler 61 channelActive - Client ip:/118.31.3.216:8090 is online
2019-05-24 at 22:09:49 CST INFO  com.betel.common.Monitor 122 recvByteBuf - [recv] msgLen:357 json:{"server":"LobbyServer","client":"Unity","action":"player@player_login","from_server":"JsonGateServer","aid":"312419868425064448","channelId":"00163efffe0e8f62-0000493d-000000b4-29bcc02b0cf6dc47-cf8ab7f9","token":"eyJzZWNyZXRLZXkiOiJlbWhsYm1kdVlXNTBZVzVuYUhWcGFuVmhibnBvWlc1bmVXaz09IiwidHRsTWlsbGlzIjoxODAwMDAwMCwiaWQiOiIzMTI0MTk4Njg0MjUwNjQ0NDgifQA="}
2019-05-24 at 22:09:49 CST INFO  com.betel.servers.node.NodeServerMonitor 39 RespondJson - Recv action: player@player_login
2019-05-24 at 23:01:43 CST INFO  com.betel.database.RedisClient 39 connectDB - Redis Database connection success! connection info:127.0.0.1:6379
2019-05-24 at 23:01:43 CST INFO  com.betel.servers.node.NodeServer 69 run - LobbyServer :8092 startup successful!
2019-05-24 at 23:01:43 CST INFO  com.betel.servers.node.NodeServer$2 93 run - Node Server Client is connecting center server:BalanceServer
2019-05-24 at 23:01:43 CST INFO  com.betel.servers.forward.ServerClient 41 run - Server Client boot start...
2019-05-24 at 23:01:44 CST INFO  com.betel.handler.ByteBufHandler 34 handlerAdded - Client ip:null is added
2019-05-24 at 23:01:44 CST INFO  com.betel.servers.forward.ServerClient 59 run - Client connect BalanceServer successful!!!
2019-05-24 at 23:01:44 CST INFO  com.betel.handler.ByteBufHandler 61 channelActive - Client ip:/118.31.3.216:8090 is online
2019-05-24 at 23:01:52 CST INFO  com.betel.common.Monitor 122 recvByteBuf - [recv] msgLen:357 json:{"server":"LobbyServer","client":"Unity","action":"player@player_login","from_server":"JsonGateServer","aid":"312419868425064448","channelId":"00163efffe0e8f62-0000493d-000000bb-74f03749962725a2-5b66919a","token":"eyJzZWNyZXRLZXkiOiJlbWhsYm1kdVlXNTBZVzVuYUhWcGFuVmhibnBvWlc1bmVXaz09IiwidHRsTWlsbGlzIjoxODAwMDAwMCwiaWQiOiIzMTI0MTk4Njg0MjUwNjQ0NDgifQA="}
2019-05-24 at 23:01:52 CST INFO  com.betel.servers.node.NodeServerMonitor 39 RespondJson - Recv action: player@player_login
2019-05-24 at 23:02:37 CST INFO  com.betel.common.Monitor 122 recvByteBuf - [recv] msgLen:357 json:{"server":"LobbyServer","client":"Unity","action":"player@player_login","from_server":"JsonGateServer","aid":"312419868425064448","channelId":"00163efffe0e8f62-0000493d-000000bc-e144231278268b4b-928d75a1","token":"eyJzZWNyZXRLZXkiOiJlbWhsYm1kdVlXNTBZVzVuYUhWcGFuVmhibnBvWlc1bmVXaz09IiwidHRsTWlsbGlzIjoxODAwMDAwMCwiaWQiOiIzMTI0MTk4Njg0MjUwNjQ0NDgifQA="}
2019-05-24 at 23:02:37 CST INFO  com.betel.servers.node.NodeServerMonitor 39 RespondJson - Recv action: player@player_login
2019-05-24 at 23:04:44 CST INFO  com.betel.common.Monitor 122 recvByteBuf - [recv] msgLen:357 json:{"server":"LobbyServer","client":"Unity","action":"player@player_login","from_server":"JsonGateServer","aid":"312419868425064448","channelId":"00163efffe0e8f62-0000493d-000000bd-20bac6998c248579-f6912e98","token":"eyJzZWNyZXRLZXkiOiJlbWhsYm1kdVlXNTBZVzVuYUhWcGFuVmhibnBvWlc1bmVXaz09IiwidHRsTWlsbGlzIjoxODAwMDAwMCwiaWQiOiIzMTI0MTk4Njg0MjUwNjQ0NDgifQA="}
2019-05-24 at 23:04:44 CST INFO  com.betel.servers.node.NodeServerMonitor 39 RespondJson - Recv action: player@player_login
2019-05-24 at 23:05:49 CST INFO  com.betel.common.Monitor 122 recvByteBuf - [recv] msgLen:357 json:{"server":"LobbyServer","client":"Unity","action":"player@player_login","from_server":"JsonGateServer","aid":"312419868425064448","channelId":"00163efffe0e8f62-0000493d-000000be-07910c0d441b9aa0-a0547cd9","token":"eyJzZWNyZXRLZXkiOiJlbWhsYm1kdVlXNTBZVzVuYUhWcGFuVmhibnBvWlc1bmVXaz09IiwidHRsTWlsbGlzIjoxODAwMDAwMCwiaWQiOiIzMTI0MTk4Njg0MjUwNjQ0NDgifQA="}
2019-05-24 at 23:05:49 CST INFO  com.betel.servers.node.NodeServerMonitor 39 RespondJson - Recv action: player@player_login
2019-05-24 at 23:08:37 CST INFO  com.betel.common.Monitor 122 recvByteBuf - [recv] msgLen:357 json:{"server":"LobbyServer","client":"Unity","action":"player@player_login","from_server":"JsonGateServer","aid":"312419868425064448","channelId":"00163efffe0e8f62-0000493d-000000bf-c34ff92253190bc8-c4723a29","token":"eyJzZWNyZXRLZXkiOiJlbWhsYm1kdVlXNTBZVzVuYUhWcGFuVmhibnBvWlc1bmVXaz09IiwidHRsTWlsbGlzIjoxODAwMDAwMCwiaWQiOiIzMTI0MTk4Njg0MjUwNjQ0NDgifQA="}
2019-05-24 at 23:08:37 CST INFO  com.betel.servers.node.NodeServerMonitor 39 RespondJson - Recv action: player@player_login
2019-05-24 at 23:09:41 CST INFO  com.betel.common.Monitor 122 recvByteBuf - [recv] msgLen:357 json:{"server":"LobbyServer","client":"Unity","action":"player@player_login","from_server":"JsonGateServer","aid":"312419868425064448","channelId":"00163efffe0e8f62-0000493d-000000c0-1d3c8d753f180dbe-27d5a9cc","token":"eyJzZWNyZXRLZXkiOiJlbWhsYm1kdVlXNTBZVzVuYUhWcGFuVmhibnBvWlc1bmVXaz09IiwidHRsTWlsbGlzIjoxODAwMDAwMCwiaWQiOiIzMTI0MTk4Njg0MjUwNjQ0NDgifQA="}
2019-05-24 at 23:09:41 CST INFO  com.betel.servers.node.NodeServerMonitor 39 RespondJson - Recv action: player@player_login
2019-05-24 at 23:10:56 CST INFO  com.betel.common.Monitor 122 recvByteBuf - [recv] msgLen:357 json:{"server":"LobbyServer","client":"Unity","action":"player@player_login","from_server":"JsonGateServer","aid":"312419868425064448","channelId":"00163efffe0e8f62-0000493d-000000c1-4be865a8571eefde-5db5561c","token":"eyJzZWNyZXRLZXkiOiJlbWhsYm1kdVlXNTBZVzVuYUhWcGFuVmhibnBvWlc1bmVXaz09IiwidHRsTWlsbGlzIjoxODAwMDAwMCwiaWQiOiIzMTI0MTk4Njg0MjUwNjQ0NDgifQA="}
2019-05-24 at 23:10:56 CST INFO  com.betel.servers.node.NodeServerMonitor 39 RespondJson - Recv action: player@player_login
2019-05-24 at 23:12:48 CST INFO  com.betel.common.Monitor 122 recvByteBuf - [recv] msgLen:357 json:{"server":"LobbyServer","client":"Unity","action":"player@player_login","from_server":"JsonGateServer","aid":"312419868425064448","channelId":"00163efffe0e8f62-0000493d-000000c2-5b362aac011d2637-ea5ad0ed","token":"eyJzZWNyZXRLZXkiOiJlbWhsYm1kdVlXNTBZVzVuYUhWcGFuVmhibnBvWlc1bmVXaz09IiwidHRsTWlsbGlzIjoxODAwMDAwMCwiaWQiOiIzMTI0MTk4Njg0MjUwNjQ0NDgifQA="}
2019-05-24 at 23:12:48 CST INFO  com.betel.servers.node.NodeServerMonitor 39 RespondJson - Recv action: player@player_login
2019-05-24 at 23:14:44 CST INFO  com.betel.common.Monitor 122 recvByteBuf - [recv] msgLen:357 json:{"server":"LobbyServer","client":"Unity","action":"player@player_login","from_server":"JsonGateServer","aid":"312419868425064448","channelId":"00163efffe0e8f62-0000493d-000000c3-d65ef3b4a5136cbd-965fda2b","token":"eyJzZWNyZXRLZXkiOiJlbWhsYm1kdVlXNTBZVzVuYUhWcGFuVmhibnBvWlc1bmVXaz09IiwidHRsTWlsbGlzIjoxODAwMDAwMCwiaWQiOiIzMTI0MTk4Njg0MjUwNjQ0NDgifQA="}
2019-05-24 at 23:14:44 CST INFO  com.betel.servers.node.NodeServerMonitor 39 RespondJson - Recv action: player@player_login
2019-05-25 at 01:10:00 CST INFO  com.betel.database.RedisClient 39 connectDB - Redis Database connection success! connection info:127.0.0.1:6379
2019-05-25 at 01:10:00 CST INFO  com.betel.servers.node.NodeServer 69 run - LobbyServer :8092 startup successful!
2019-05-25 at 01:10:00 CST INFO  com.betel.servers.node.NodeServer$2 93 run - Node Server Client is connecting center server:BalanceServer
2019-05-25 at 01:10:01 CST INFO  com.betel.servers.forward.ServerClient 41 run - Server Client boot start...
2019-05-25 at 01:10:01 CST INFO  com.betel.handler.ByteBufHandler 34 handlerAdded - Client ip:null is added
2019-05-25 at 01:10:01 CST INFO  com.betel.handler.ByteBufHandler 61 channelActive - Client ip:/118.31.3.216:8090 is online
2019-05-25 at 01:10:01 CST INFO  com.betel.servers.forward.ServerClient 59 run - Client connect BalanceServer successful!!!
2019-05-25 at 01:10:03 CST INFO  com.betel.common.Monitor 122 recvByteBuf - [recv] msgLen:357 json:{"server":"LobbyServer","client":"Unity","action":"player@player_login","from_server":"JsonGateServer","aid":"312419868425064448","channelId":"00163efffe0e8f62-0000493d-000000c8-359528eb5675d93f-0ffad923","token":"eyJzZWNyZXRLZXkiOiJlbWhsYm1kdVlXNTBZVzVuYUhWcGFuVmhibnBvWlc1bmVXaz09IiwidHRsTWlsbGlzIjoxODAwMDAwMCwiaWQiOiIzMTI0MTk4Njg0MjUwNjQ0NDgifQA="}
2019-05-25 at 01:10:03 CST INFO  com.betel.servers.node.NodeServerMonitor 39 RespondJson - Recv action: player@player_login
2019-05-25 at 01:10:45 CST INFO  com.betel.common.Monitor 122 recvByteBuf - [recv] msgLen:357 json:{"server":"LobbyServer","client":"Unity","action":"player@player_login","from_server":"JsonGateServer","aid":"312419868425064448","channelId":"00163efffe0e8f62-0000493d-000000c9-39c6704e08753aec-51699fb0","token":"eyJzZWNyZXRLZXkiOiJlbWhsYm1kdVlXNTBZVzVuYUhWcGFuVmhibnBvWlc1bmVXaz09IiwidHRsTWlsbGlzIjoxODAwMDAwMCwiaWQiOiIzMTI0MTk4Njg0MjUwNjQ0NDgifQA="}
2019-05-25 at 01:10:45 CST INFO  com.betel.servers.node.NodeServerMonitor 39 RespondJson - Recv action: player@player_login
2019-05-25 at 01:12:28 CST INFO  com.betel.common.Monitor 122 recvByteBuf - [recv] msgLen:357 json:{"server":"LobbyServer","client":"Unity","action":"player@player_login","from_server":"JsonGateServer","aid":"312419868425064448","channelId":"00163efffe0e8f62-0000493d-000000ca-283594b2107394fe-f21d6263","token":"eyJzZWNyZXRLZXkiOiJlbWhsYm1kdVlXNTBZVzVuYUhWcGFuVmhibnBvWlc1bmVXaz09IiwidHRsTWlsbGlzIjoxODAwMDAwMCwiaWQiOiIzMTI0MTk4Njg0MjUwNjQ0NDgifQA="}
2019-05-25 at 01:12:28 CST INFO  com.betel.servers.node.NodeServerMonitor 39 RespondJson - Recv action: player@player_login
2019-05-25 at 01:12:53 CST INFO  com.betel.common.Monitor 122 recvByteBuf - [recv] msgLen:357 json:{"server":"LobbyServer","client":"Unity","action":"player@player_login","from_server":"JsonGateServer","aid":"312419868425064448","channelId":"00163efffe0e8f62-0000493d-000000cb-daf39e624c7330f4-63cbceaf","token":"eyJzZWNyZXRLZXkiOiJlbWhsYm1kdVlXNTBZVzVuYUhWcGFuVmhibnBvWlc1bmVXaz09IiwidHRsTWlsbGlzIjoxODAwMDAwMCwiaWQiOiIzMTI0MTk4Njg0MjUwNjQ0NDgifQA="}
2019-05-25 at 01:12:53 CST INFO  com.betel.servers.node.NodeServerMonitor 39 RespondJson - Recv action: player@player_login
2019-05-25 at 01:13:37 CST INFO  com.betel.common.Monitor 122 recvByteBuf - [recv] msgLen:357 json:{"server":"LobbyServer","client":"Unity","action":"player@player_login","from_server":"JsonGateServer","aid":"312419868425064448","channelId":"00163efffe0e8f62-0000493d-000000cc-ba4c0ade1c729a9e-d07dfdee","token":"eyJzZWNyZXRLZXkiOiJlbWhsYm1kdVlXNTBZVzVuYUhWcGFuVmhibnBvWlc1bmVXaz09IiwidHRsTWlsbGlzIjoxODAwMDAwMCwiaWQiOiIzMTI0MTk4Njg0MjUwNjQ0NDgifQA="}
2019-05-25 at 01:13:37 CST INFO  com.betel.servers.node.NodeServerMonitor 39 RespondJson - Recv action: player@player_login
2019-05-25 at 01:13:54 CST INFO  com.betel.common.Monitor 122 recvByteBuf - [recv] msgLen:357 json:{"server":"LobbyServer","client":"Unity","action":"player@player_login","from_server":"JsonGateServer","aid":"312419868425064448","channelId":"00163efffe0e8f62-0000493d-000000cd-8fa137ee247244ea-d182226c","token":"eyJzZWNyZXRLZXkiOiJlbWhsYm1kdVlXNTBZVzVuYUhWcGFuVmhibnBvWlc1bmVXaz09IiwidHRsTWlsbGlzIjoxODAwMDAwMCwiaWQiOiIzMTI0MTk4Njg0MjUwNjQ0NDgifQA="}
2019-05-25 at 01:13:54 CST INFO  com.betel.servers.node.NodeServerMonitor 39 RespondJson - Recv action: player@player_login
2019-05-25 at 01:17:12 CST INFO  com.betel.common.Monitor 122 recvByteBuf - [recv] msgLen:357 json:{"server":"LobbyServer","client":"Unity","action":"player@player_login","from_server":"JsonGateServer","aid":"312419868425064448","channelId":"00163efffe0e8f62-0000493d-000000ce-d6dc15186f7f4399-ef769e26","token":"eyJzZWNyZXRLZXkiOiJlbWhsYm1kdVlXNTBZVzVuYUhWcGFuVmhibnBvWlc1bmVXaz09IiwidHRsTWlsbGlzIjoxODAwMDAwMCwiaWQiOiIzMTI0MTk4Njg0MjUwNjQ0NDgifQA="}
2019-05-25 at 01:17:12 CST INFO  com.betel.servers.node.NodeServerMonitor 39 RespondJson - Recv action: player@player_login
2019-05-25 at 01:22:18 CST INFO  com.betel.common.Monitor 122 recvByteBuf - [recv] msgLen:357 json:{"server":"LobbyServer","client":"Unity","action":"player@player_login","from_server":"JsonGateServer","aid":"312419868425064448","channelId":"00163efffe0e8f62-0000493d-000000cf-f32aab2bfd7a9633-ce531051","token":"eyJzZWNyZXRLZXkiOiJlbWhsYm1kdVlXNTBZVzVuYUhWcGFuVmhibnBvWlc1bmVXaz09IiwidHRsTWlsbGlzIjoxODAwMDAwMCwiaWQiOiIzMTI0MTk4Njg0MjUwNjQ0NDgifQA="}
2019-05-25 at 01:22:18 CST INFO  com.betel.servers.node.NodeServerMonitor 39 RespondJson - Recv action: player@player_login
2019-05-25 at 01:22:53 CST INFO  com.betel.common.Monitor 122 recvByteBuf - [recv] msgLen:357 json:{"server":"LobbyServer","client":"Unity","action":"player@player_login","from_server":"JsonGateServer","aid":"312419868425064448","channelId":"00163efffe0e8f62-0000493d-000000d0-6398f04fe57a1ea9-aac120d2","token":"eyJzZWNyZXRLZXkiOiJlbWhsYm1kdVlXNTBZVzVuYUhWcGFuVmhibnBvWlc1bmVXaz09IiwidHRsTWlsbGlzIjoxODAwMDAwMCwiaWQiOiIzMTI0MTk4Njg0MjUwNjQ0NDgifQA="}
2019-05-25 at 01:22:53 CST INFO  com.betel.servers.node.NodeServerMonitor 39 RespondJson - Recv action: player@player_login
2019-05-25 at 01:23:45 CST INFO  com.betel.common.Monitor 122 recvByteBuf - [recv] msgLen:357 json:{"server":"LobbyServer","client":"Unity","action":"player@player_login","from_server":"JsonGateServer","aid":"312419868425064448","channelId":"00163efffe0e8f62-0000493d-000000d1-f615fd57d579418a-99423d29","token":"eyJzZWNyZXRLZXkiOiJlbWhsYm1kdVlXNTBZVzVuYUhWcGFuVmhibnBvWlc1bmVXaz09IiwidHRsTWlsbGlzIjoxODAwMDAwMCwiaWQiOiIzMTI0MTk4Njg0MjUwNjQ0NDgifQA="}
2019-05-25 at 01:23:45 CST INFO  com.betel.servers.node.NodeServerMonitor 39 RespondJson - Recv action: player@player_login
2019-05-25 at 01:27:21 CST INFO  com.betel.common.Monitor 122 recvByteBuf - [recv] msgLen:357 json:{"server":"LobbyServer","client":"Unity","action":"player@player_login","from_server":"JsonGateServer","aid":"312419868425064448","channelId":"00163efffe0e8f62-0000493d-000000d2-82e8096e1e85f6f1-c8dce064","token":"eyJzZWNyZXRLZXkiOiJlbWhsYm1kdVlXNTBZVzVuYUhWcGFuVmhibnBvWlc1bmVXaz09IiwidHRsTWlsbGlzIjoxODAwMDAwMCwiaWQiOiIzMTI0MTk4Njg0MjUwNjQ0NDgifQA="}
2019-05-25 at 01:27:21 CST INFO  com.betel.servers.node.NodeServerMonitor 39 RespondJson - Recv action: player@player_login
2019-05-25 at 01:27:48 CST INFO  com.betel.common.Monitor 122 recvByteBuf - [recv] msgLen:357 json:{"server":"LobbyServer","client":"Unity","action":"player@player_login","from_server":"JsonGateServer","aid":"312419868425064448","channelId":"00163efffe0e8f62-0000493d-000000d3-ea8eb4b046859f83-940e1774","token":"eyJzZWNyZXRLZXkiOiJlbWhsYm1kdVlXNTBZVzVuYUhWcGFuVmhibnBvWlc1bmVXaz09IiwidHRsTWlsbGlzIjoxODAwMDAwMCwiaWQiOiIzMTI0MTk4Njg0MjUwNjQ0NDgifQA="}
2019-05-25 at 01:27:48 CST INFO  com.betel.servers.node.NodeServerMonitor 39 RespondJson - Recv action: player@player_login
2019-05-25 at 01:36:10 CST INFO  com.betel.database.RedisClient 39 connectDB - Redis Database connection success! connection info:127.0.0.1:6379
2019-05-25 at 01:36:11 CST INFO  com.betel.servers.node.NodeServer 69 run - LobbyServer :8092 startup successful!
2019-05-25 at 01:36:11 CST INFO  com.betel.servers.node.NodeServer$2 93 run - Node Server Client is connecting center server:BalanceServer
2019-05-25 at 01:36:11 CST INFO  com.betel.servers.forward.ServerClient 41 run - Server Client boot start...
2019-05-25 at 01:36:11 CST INFO  com.betel.handler.ByteBufHandler 34 handlerAdded - Client ip:null is added
2019-05-25 at 01:36:11 CST INFO  com.betel.handler.ByteBufHandler 61 channelActive - Client ip:/118.31.3.216:8090 is online
2019-05-25 at 01:36:11 CST INFO  com.betel.servers.forward.ServerClient 59 run - Client connect BalanceServer successful!!!
2019-05-25 at 01:36:11 CST INFO  com.betel.common.Monitor 122 recvByteBuf - [recv] msgLen:357 json:{"server":"LobbyServer","client":"Unity","action":"player@player_login","from_server":"JsonGateServer","aid":"312419868425064448","channelId":"00163efffe0e8f62-0000493d-000000d5-8bfe2d6bbf8decd7-7310cb2c","token":"eyJzZWNyZXRLZXkiOiJlbWhsYm1kdVlXNTBZVzVuYUhWcGFuVmhibnBvWlc1bmVXaz09IiwidHRsTWlsbGlzIjoxODAwMDAwMCwiaWQiOiIzMTI0MTk4Njg0MjUwNjQ0NDgifQA="}
2019-05-25 at 01:36:11 CST INFO  com.betel.servers.node.NodeServerMonitor 39 RespondJson - Recv action: player@player_login
2019-05-25 at 01:37:08 CST INFO  com.betel.common.Monitor 122 recvByteBuf - [recv] msgLen:357 json:{"server":"LobbyServer","client":"Unity","action":"player@player_login","from_server":"JsonGateServer","aid":"312419868425064448","channelId":"00163efffe0e8f62-0000493d-000000d6-ca8c96b1078d0cf4-6724c1f1","token":"eyJzZWNyZXRLZXkiOiJlbWhsYm1kdVlXNTBZVzVuYUhWcGFuVmhibnBvWlc1bmVXaz09IiwidHRsTWlsbGlzIjoxODAwMDAwMCwiaWQiOiIzMTI0MTk4Njg0MjUwNjQ0NDgifQA="}
2019-05-25 at 01:37:08 CST INFO  com.betel.servers.node.NodeServerMonitor 39 RespondJson - Recv action: player@player_login
2019-05-25 at 01:37:51 CST INFO  com.betel.common.Monitor 122 recvByteBuf - [recv] msgLen:357 json:{"server":"LobbyServer","client":"Unity","action":"player@player_login","from_server":"JsonGateServer","aid":"312419868425064448","channelId":"00163efffe0e8f62-0000493d-000000d7-331bcf57698c6aaa-ea1c9e51","token":"eyJzZWNyZXRLZXkiOiJlbWhsYm1kdVlXNTBZVzVuYUhWcGFuVmhibnBvWlc1bmVXaz09IiwidHRsTWlsbGlzIjoxODAwMDAwMCwiaWQiOiIzMTI0MTk4Njg0MjUwNjQ0NDgifQA="}
2019-05-25 at 01:37:51 CST INFO  com.betel.servers.node.NodeServerMonitor 39 RespondJson - Recv action: player@player_login
2019-05-25 at 21:07:04 CST INFO  com.betel.database.RedisClient 39 connectDB - Redis Database connection success! connection info:127.0.0.1:6379
2019-05-25 at 21:07:05 CST INFO  com.betel.servers.node.NodeServer 69 run - LobbyServer :8092 startup successful!
2019-05-25 at 21:07:05 CST INFO  com.betel.servers.node.NodeServer$2 93 run - Node Server Client is connecting center server:BalanceServer
2019-05-25 at 21:07:05 CST INFO  com.betel.servers.forward.ServerClient 41 run - Server Client boot start...
2019-05-25 at 21:07:05 CST INFO  com.betel.handler.ByteBufHandler 34 handlerAdded - Client ip:null is added
2019-05-25 at 21:07:05 CST INFO  com.betel.servers.forward.ServerClient 59 run - Client connect BalanceServer successful!!!
2019-05-25 at 21:07:05 CST INFO  com.betel.handler.ByteBufHandler 61 channelActive - Client ip:/118.31.3.216:8090 is online
2019-05-25 at 21:07:09 CST INFO  com.betel.common.Monitor 122 recvByteBuf - [recv] msgLen:357 json:{"server":"LobbyServer","client":"Unity","action":"player@player_login","from_server":"JsonGateServer","aid":"312419868425064448","channelId":"00163efffe0e8f62-0000493d-000000e1-8ccc297fe67e2927-1e16de29","token":"eyJzZWNyZXRLZXkiOiJlbWhsYm1kdVlXNTBZVzVuYUhWcGFuVmhibnBvWlc1bmVXaz09IiwidHRsTWlsbGlzIjoxODAwMDAwMCwiaWQiOiIzMTI0MTk4Njg0MjUwNjQ0NDgifQA="}
2019-05-25 at 21:07:09 CST INFO  com.betel.servers.node.NodeServerMonitor 39 RespondJson - Recv action: player@player_login
2019-05-25 at 21:39:19 CST INFO  com.betel.database.RedisClient 39 connectDB - Redis Database connection success! connection info:127.0.0.1:6379
2019-05-25 at 21:39:20 CST INFO  com.betel.servers.node.NodeServer 69 run - LobbyServer :8092 startup successful!
2019-05-25 at 21:39:20 CST INFO  com.betel.servers.node.NodeServer$2 93 run - Node Server Client is connecting center server:BalanceServer
2019-05-25 at 21:39:20 CST INFO  com.betel.servers.forward.ServerClient 41 run - Server Client boot start...
2019-05-25 at 21:39:20 CST INFO  com.betel.handler.ByteBufHandler 34 handlerAdded - Client ip:null is added
2019-05-25 at 21:39:20 CST INFO  com.betel.handler.ByteBufHandler 61 channelActive - Client ip:/118.31.3.216:8090 is online
2019-05-25 at 21:39:20 CST INFO  com.betel.servers.forward.ServerClient 59 run - Client connect BalanceServer successful!!!
2019-05-25 at 21:39:26 CST INFO  com.betel.common.Monitor 122 recvByteBuf - [recv] msgLen:357 json:{"server":"LobbyServer","client":"Unity","action":"player@player_login","from_server":"JsonGateServer","aid":"312419868425064448","channelId":"00163efffe0e8f62-0000493d-000000e3-319aa7f92523b9dc-7f90fd13","token":"eyJzZWNyZXRLZXkiOiJlbWhsYm1kdVlXNTBZVzVuYUhWcGFuVmhibnBvWlc1bmVXaz09IiwidHRsTWlsbGlzIjoxODAwMDAwMCwiaWQiOiIzMTI0MTk4Njg0MjUwNjQ0NDgifQA="}
2019-05-25 at 21:39:26 CST INFO  com.betel.servers.node.NodeServerMonitor 39 RespondJson - Recv action: player@player_login
2019-05-25 at 21:40:15 CST INFO  com.betel.common.Monitor 122 recvByteBuf - [recv] msgLen:357 json:{"server":"LobbyServer","client":"Unity","action":"player@player_login","from_server":"JsonGateServer","aid":"312419868425064448","channelId":"00163efffe0e8f62-0000493d-000000e4-18297d22152c7f2f-dc76455a","token":"eyJzZWNyZXRLZXkiOiJlbWhsYm1kdVlXNTBZVzVuYUhWcGFuVmhibnBvWlc1bmVXaz09IiwidHRsTWlsbGlzIjoxODAwMDAwMCwiaWQiOiIzMTI0MTk4Njg0MjUwNjQ0NDgifQA="}
2019-05-25 at 21:40:15 CST INFO  com.betel.servers.node.NodeServerMonitor 39 RespondJson - Recv action: player@player_login
2019-05-25 at 21:46:10 CST INFO  com.betel.common.Monitor 122 recvByteBuf - [recv] msgLen:357 json:{"server":"LobbyServer","client":"Unity","action":"player@player_login","from_server":"JsonGateServer","aid":"312419868425064448","channelId":"00163efffe0e8f62-0000493d-000000e5-54dc0f076229d1ad-140f5d80","token":"eyJzZWNyZXRLZXkiOiJlbWhsYm1kdVlXNTBZVzVuYUhWcGFuVmhibnBvWlc1bmVXaz09IiwidHRsTWlsbGlzIjoxODAwMDAwMCwiaWQiOiIzMTI0MTk4Njg0MjUwNjQ0NDgifQA="}
2019-05-25 at 21:46:10 CST INFO  com.betel.servers.node.NodeServerMonitor 39 RespondJson - Recv action: player@player_login
2019-05-25 at 21:59:39 CST INFO  com.betel.database.RedisClient 39 connectDB - Redis Database connection success! connection info:127.0.0.1:6379
2019-05-25 at 21:59:39 CST INFO  com.betel.servers.node.NodeServer 69 run - LobbyServer :8092 startup successful!
2019-05-25 at 21:59:39 CST INFO  com.betel.servers.node.NodeServer$2 93 run - Node Server Client is connecting center server:BalanceServer
2019-05-25 at 21:59:39 CST INFO  com.betel.servers.forward.ServerClient 41 run - Server Client boot start...
2019-05-25 at 21:59:39 CST INFO  com.betel.handler.ByteBufHandler 34 handlerAdded - Client ip:null is added
2019-05-25 at 21:59:39 CST INFO  com.betel.servers.forward.ServerClient 59 run - Client connect BalanceServer successful!!!
2019-05-25 at 21:59:39 CST INFO  com.betel.handler.ByteBufHandler 61 channelActive - Client ip:/118.31.3.216:8090 is online
2019-05-25 at 21:59:48 CST INFO  com.betel.common.Monitor 122 recvByteBuf - [recv] msgLen:357 json:{"server":"LobbyServer","client":"Unity","action":"player@player_login","from_server":"JsonGateServer","aid":"312419868425064448","channelId":"00163efffe0e8f62-0000493d-000000e7-f779c726e1de5578-c76c7cd0","token":"eyJzZWNyZXRLZXkiOiJlbWhsYm1kdVlXNTBZVzVuYUhWcGFuVmhibnBvWlc1bmVXaz09IiwidHRsTWlsbGlzIjoxODAwMDAwMCwiaWQiOiIzMTI0MTk4Njg0MjUwNjQ0NDgifQA="}
2019-05-25 at 21:59:48 CST INFO  com.betel.servers.node.NodeServerMonitor 39 RespondJson - Recv action: player@player_login
2019-05-25 at 22:01:29 CST INFO  com.betel.common.Monitor 122 recvByteBuf - [recv] msgLen:357 json:{"server":"LobbyServer","client":"Unity","action":"player@player_login","from_server":"JsonGateServer","aid":"312419868425064448","channelId":"00163efffe0e8f62-0000493d-000000e8-d15214af0edfeec5-54a04dc8","token":"eyJzZWNyZXRLZXkiOiJlbWhsYm1kdVlXNTBZVzVuYUhWcGFuVmhibnBvWlc1bmVXaz09IiwidHRsTWlsbGlzIjoxODAwMDAwMCwiaWQiOiIzMTI0MTk4Njg0MjUwNjQ0NDgifQA="}
2019-05-25 at 22:01:29 CST INFO  com.betel.servers.node.NodeServerMonitor 39 RespondJson - Recv action: player@player_login
2019-05-25 at 22:06:05 CST INFO  com.betel.common.Monitor 122 recvByteBuf - [recv] msgLen:357 json:{"server":"LobbyServer","client":"Unity","action":"player@player_login","from_server":"JsonGateServer","aid":"312419868425064448","channelId":"00163efffe0e8f62-0000493d-000000e9-3e6c0eeafcc416b0-c2e13f61","token":"eyJzZWNyZXRLZXkiOiJlbWhsYm1kdVlXNTBZVzVuYUhWcGFuVmhibnBvWlc1bmVXaz09IiwidHRsTWlsbGlzIjoxODAwMDAwMCwiaWQiOiIzMTI0MTk4Njg0MjUwNjQ0NDgifQA="}
2019-05-25 at 22:06:05 CST INFO  com.betel.servers.node.NodeServerMonitor 39 RespondJson - Recv action: player@player_login
2019-05-25 at 22:07:24 CST INFO  com.betel.common.Monitor 122 recvByteBuf - [recv] msgLen:357 json:{"server":"LobbyServer","client":"Unity","action":"player@player_login","from_server":"JsonGateServer","aid":"312419868425064448","channelId":"00163efffe0e8f62-0000493d-000000ea-44615610b4c542c6-b468428a","token":"eyJzZWNyZXRLZXkiOiJlbWhsYm1kdVlXNTBZVzVuYUhWcGFuVmhibnBvWlc1bmVXaz09IiwidHRsTWlsbGlzIjoxODAwMDAwMCwiaWQiOiIzMTI0MTk4Njg0MjUwNjQ0NDgifQA="}
2019-05-25 at 22:07:24 CST INFO  com.betel.servers.node.NodeServerMonitor 39 RespondJson - Recv action: player@player_login
2019-05-25 at 22:26:15 CST INFO  com.betel.database.RedisClient 39 connectDB - Redis Database connection success! connection info:127.0.0.1:6379
2019-05-25 at 22:26:16 CST INFO  com.betel.servers.node.NodeServer 69 run - LobbyServer :8092 startup successful!
2019-05-25 at 22:26:16 CST INFO  com.betel.servers.node.NodeServer$2 93 run - Node Server Client is connecting center server:BalanceServer
2019-05-25 at 22:26:16 CST INFO  com.betel.servers.forward.ServerClient 41 run - Server Client boot start...
2019-05-25 at 22:26:16 CST INFO  com.betel.handler.ByteBufHandler 34 handlerAdded - Client ip:null is added
2019-05-25 at 22:26:16 CST INFO  com.betel.handler.ByteBufHandler 61 channelActive - Client ip:/118.31.3.216:8090 is online
2019-05-25 at 22:26:16 CST INFO  com.betel.servers.forward.ServerClient 59 run - Client connect BalanceServer successful!!!
2019-05-25 at 22:26:28 CST INFO  com.betel.common.Monitor 122 recvByteBuf - [recv] msgLen:357 json:{"server":"LobbyServer","client":"Unity","action":"player@player_login","from_server":"JsonGateServer","aid":"312419868425064448","channelId":"00163efffe0e8f62-0000493d-000000ed-868406e1c836c90c-69bb0d10","token":"eyJzZWNyZXRLZXkiOiJlbWhsYm1kdVlXNTBZVzVuYUhWcGFuVmhibnBvWlc1bmVXaz09IiwidHRsTWlsbGlzIjoxODAwMDAwMCwiaWQiOiIzMTI0MTk4Njg0MjUwNjQ0NDgifQA="}
2019-05-25 at 22:26:28 CST INFO  com.betel.servers.node.NodeServerMonitor 39 RespondJson - Recv action: player@player_login
2019-05-25 at 22:30:22 CST INFO  com.betel.common.Monitor 122 recvByteBuf - [recv] msgLen:357 json:{"server":"LobbyServer","client":"Unity","action":"player@player_login","from_server":"JsonGateServer","aid":"312419868425064448","channelId":"00163efffe0e8f62-0000493d-000000ee-b08791b837b25af5-f72d1cae","token":"eyJzZWNyZXRLZXkiOiJlbWhsYm1kdVlXNTBZVzVuYUhWcGFuVmhibnBvWlc1bmVXaz09IiwidHRsTWlsbGlzIjoxODAwMDAwMCwiaWQiOiIzMTI0MTk4Njg0MjUwNjQ0NDgifQA="}
2019-05-25 at 22:30:22 CST INFO  com.betel.servers.node.NodeServerMonitor 39 RespondJson - Recv action: player@player_login
2019-05-25 at 22:45:36 CST INFO  com.betel.database.RedisClient 39 connectDB - Redis Database connection success! connection info:127.0.0.1:6379
2019-05-25 at 22:45:37 CST INFO  com.betel.servers.node.NodeServer 69 run - LobbyServer :8092 startup successful!
2019-05-25 at 22:45:37 CST INFO  com.betel.servers.node.NodeServer$2 93 run - Node Server Client is connecting center server:BalanceServer
2019-05-25 at 22:45:37 CST INFO  com.betel.servers.forward.ServerClient 41 run - Server Client boot start...
2019-05-25 at 22:45:37 CST INFO  com.betel.handler.ByteBufHandler 34 handlerAdded - Client ip:null is added
2019-05-25 at 22:45:37 CST INFO  com.betel.handler.ByteBufHandler 61 channelActive - Client ip:/118.31.3.216:8090 is online
2019-05-25 at 22:45:37 CST INFO  com.betel.servers.forward.ServerClient 59 run - Client connect BalanceServer successful!!!
2019-05-25 at 22:45:41 CST INFO  com.betel.common.Monitor 122 recvByteBuf - [recv] msgLen:357 json:{"server":"LobbyServer","client":"Unity","action":"player@player_login","from_server":"JsonGateServer","aid":"312419868425064448","channelId":"00163efffe0e8f62-0000493d-000000f0-9e4fd20ee0a04621-92f27d86","token":"eyJzZWNyZXRLZXkiOiJlbWhsYm1kdVlXNTBZVzVuYUhWcGFuVmhibnBvWlc1bmVXaz09IiwidHRsTWlsbGlzIjoxODAwMDAwMCwiaWQiOiIzMTI0MTk4Njg0MjUwNjQ0NDgifQA="}
2019-05-25 at 22:45:41 CST INFO  com.betel.servers.node.NodeServerMonitor 39 RespondJson - Recv action: player@player_login
2019-05-25 at 22:46:23 CST INFO  com.betel.common.Monitor 122 recvByteBuf - [recv] msgLen:357 json:{"server":"LobbyServer","client":"Unity","action":"player@player_login","from_server":"JsonGateServer","aid":"312419868425064448","channelId":"00163efffe0e8f62-0000493d-000000f1-4a7626ea30a10c42-3f47f34c","token":"eyJzZWNyZXRLZXkiOiJlbWhsYm1kdVlXNTBZVzVuYUhWcGFuVmhibnBvWlc1bmVXaz09IiwidHRsTWlsbGlzIjoxODAwMDAwMCwiaWQiOiIzMTI0MTk4Njg0MjUwNjQ0NDgifQA="}
2019-05-25 at 22:46:23 CST INFO  com.betel.servers.node.NodeServerMonitor 39 RespondJson - Recv action: player@player_login
2019-05-25 at 22:47:04 CST INFO  com.betel.common.Monitor 122 recvByteBuf - [recv] msgLen:357 json:{"server":"LobbyServer","client":"Unity","action":"player@player_login","from_server":"JsonGateServer","aid":"312419868425064448","channelId":"00163efffe0e8f62-0000493d-000000f2-42f7ba0fcf41ae11-1d96f687","token":"eyJzZWNyZXRLZXkiOiJlbWhsYm1kdVlXNTBZVzVuYUhWcGFuVmhibnBvWlc1bmVXaz09IiwidHRsTWlsbGlzIjoxODAwMDAwMCwiaWQiOiIzMTI0MTk4Njg0MjUwNjQ0NDgifQA="}
2019-05-25 at 22:47:04 CST INFO  com.betel.servers.node.NodeServerMonitor 39 RespondJson - Recv action: player@player_login
2019-05-25 at 22:49:55 CST INFO  com.betel.common.Monitor 122 recvByteBuf - [recv] msgLen:357 json:{"server":"LobbyServer","client":"Unity","action":"player@player_login","from_server":"JsonGateServer","aid":"312419868425064448","channelId":"00163efffe0e8f62-0000493d-000000f3-cbc3ea68db4c3678-de0a7b4c","token":"eyJzZWNyZXRLZXkiOiJlbWhsYm1kdVlXNTBZVzVuYUhWcGFuVmhibnBvWlc1bmVXaz09IiwidHRsTWlsbGlzIjoxODAwMDAwMCwiaWQiOiIzMTI0MTk4Njg0MjUwNjQ0NDgifQA="}
2019-05-25 at 22:49:55 CST INFO  com.betel.servers.node.NodeServerMonitor 39 RespondJson - Recv action: player@player_login
2019-05-25 at 22:52:07 CST INFO  com.betel.common.Monitor 122 recvByteBuf - [recv] msgLen:357 json:{"server":"LobbyServer","client":"Unity","action":"player@player_login","from_server":"JsonGateServer","aid":"312419868425064448","channelId":"00163efffe0e8f62-0000493d-000000f4-b22c731e3d4e4d59-867b8383","token":"eyJzZWNyZXRLZXkiOiJlbWhsYm1kdVlXNTBZVzVuYUhWcGFuVmhibnBvWlc1bmVXaz09IiwidHRsTWlsbGlzIjoxODAwMDAwMCwiaWQiOiIzMTI0MTk4Njg0MjUwNjQ0NDgifQA="}
2019-05-25 at 22:52:07 CST INFO  com.betel.servers.node.NodeServerMonitor 39 RespondJson - Recv action: player@player_login
2019-05-25 at 23:04:04 CST INFO  com.betel.database.RedisClient 39 connectDB - Redis Database connection success! connection info:127.0.0.1:6379
2019-05-25 at 23:04:05 CST INFO  com.betel.servers.node.NodeServer 69 run - LobbyServer :8092 startup successful!
2019-05-25 at 23:04:05 CST INFO  com.betel.servers.node.NodeServer$2 93 run - Node Server Client is connecting center server:BalanceServer
2019-05-25 at 23:04:05 CST INFO  com.betel.servers.forward.ServerClient 41 run - Server Client boot start...
2019-05-25 at 23:04:05 CST INFO  com.betel.handler.ByteBufHandler 34 handlerAdded - Client ip:null is added
2019-05-25 at 23:04:05 CST INFO  com.betel.servers.forward.ServerClient 59 run - Client connect BalanceServer successful!!!
2019-05-25 at 23:04:05 CST INFO  com.betel.handler.ByteBufHandler 61 channelActive - Client ip:/118.31.3.216:8090 is online
2019-05-25 at 23:04:08 CST INFO  com.betel.common.Monitor 122 recvByteBuf - [recv] msgLen:357 json:{"server":"LobbyServer","client":"Unity","action":"player@player_login","from_server":"JsonGateServer","aid":"312419868425064448","channelId":"00163efffe0e8f62-0000493d-000000f6-e48ca651a0b13295-7320d5aa","token":"eyJzZWNyZXRLZXkiOiJlbWhsYm1kdVlXNTBZVzVuYUhWcGFuVmhibnBvWlc1bmVXaz09IiwidHRsTWlsbGlzIjoxODAwMDAwMCwiaWQiOiIzMTI0MTk4Njg0MjUwNjQ0NDgifQA="}
2019-05-25 at 23:04:08 CST INFO  com.betel.servers.node.NodeServerMonitor 39 RespondJson - Recv action: player@player_login
2019-05-25 at 23:05:17 CST INFO  com.betel.common.Monitor 122 recvByteBuf - [recv] msgLen:357 json:{"server":"LobbyServer","client":"Unity","action":"player@player_login","from_server":"JsonGateServer","aid":"312419868425064448","channelId":"00163efffe0e8f62-0000493d-000000f7-127438e22f324279-e1d75f44","token":"eyJzZWNyZXRLZXkiOiJlbWhsYm1kdVlXNTBZVzVuYUhWcGFuVmhibnBvWlc1bmVXaz09IiwidHRsTWlsbGlzIjoxODAwMDAwMCwiaWQiOiIzMTI0MTk4Njg0MjUwNjQ0NDgifQA="}
2019-05-25 at 23:05:17 CST INFO  com.betel.servers.node.NodeServerMonitor 39 RespondJson - Recv action: player@player_login
2020-04-04 at 00:34:40 CST INFO  com.betel.database.RedisClient 39 connectDB - Redis Database connection success! connection info:127.0.0.1:6379
2020-04-04 at 00:34:41 CST INFO  com.betel.servers.node.NodeServer 69 run - LobbyServer :8092 startup successful!
2020-04-04 at 00:34:41 CST INFO  com.betel.servers.node.NodeServer$2 93 run - Node Server Client is connecting center server:BalanceServer
2020-04-04 at 00:34:41 CST INFO  com.betel.servers.forward.ServerClient 41 run - Server Client boot start...
2020-04-04 at 00:34:41 CST INFO  com.betel.handler.ByteBufHandler 34 handlerAdded - Client ip:null is added
2020-04-04 at 00:34:41 CST INFO  com.betel.handler.ByteBufHandler 61 channelActive - Client ip:/192.168.31.174:8090 is online
2020-04-04 at 00:34:41 CST INFO  com.betel.servers.forward.ServerClient 59 run - Client connect BalanceServer successful!!!
